<?xml version="1.0" encoding="UTF-8"?>
<!-- Generated by org.testng.reporters.JUnitReportReporter -->
<testsuite hostname="UKNHBVM0504" name="com.landg.auto.GI.CustomerJourney" tests="1" failures="0" timestamp="10 Jul 2017 13:05:08 GMT" time="24.906" errors="0">
  <testcase name="customerJourney" time="24.906" classname="com.landg.auto.GI.CustomerJourney"/>
</testsuite> <!-- com.landg.auto.GI.CustomerJourney -->
