<?xml version="1.0" encoding="UTF-8"?>
<!-- Generated by org.testng.reporters.JUnitReportReporter -->
<testsuite hostname="UKNHBVM0504" name="com.landg.lqa.utility.SendStatusMail" tests="1" failures="0" timestamp="13 Jan 2017 07:31:09 GMT" time="0.457" errors="0">
  <testcase name="sendPassMail" time="0.457" classname="com.landg.lqa.utility.SendStatusMail"/>
</testsuite> <!-- com.landg.lqa.utility.SendStatusMail -->
